Arguments: 
  /usr/local/bin/node /usr/local/bin/yarn add @openzeppelin

PATH: 
  /Library/Frameworks/Python.framework/Versions/3.10/bin:/opt/homebrew/bin:/opt/homebrew/sbin:/usr/local/bin:/usr/bin:/bin:/usr/sbin:/sbin:/opt/local/bin:/opt/local/sbin:/usr/local/go/bin:/Library/Apple/usr/bin:/opt/homebrew/Caskroom/miniforge/base/bin:/opt/homebrew/Caskroom/miniforge/base/condabin:/Library/Frameworks/Python.framework/Versions/3.10/bin:/opt/homebrew/bin:/opt/homebrew/sbin:/Users/mahiru/.local/bin:/Users/mahiru/flutter/bin:/Users/mahiru/.local/bin:/Users/mahiru/flutter/bin:/Users/mahiru/.local/bin

Yarn version: 
  1.22.17

Node version: 
  16.13.2

Platform: 
  darwin arm64

Trace: 
  Error: https://registry.yarnpkg.com/@openzeppelin: Request "https://registry.yarnpkg.com/@openzeppelin" returned a 405
      at Request.params.callback [as _callback] (/usr/local/lib/node_modules/yarn/lib/cli.js:67038:18)
      at Request.self.callback (/usr/local/lib/node_modules/yarn/lib/cli.js:140883:22)
      at Request.emit (node:events:390:28)
      at Request.<anonymous> (/usr/local/lib/node_modules/yarn/lib/cli.js:141855:10)
      at Request.emit (node:events:390:28)
      at IncomingMessage.<anonymous> (/usr/local/lib/node_modules/yarn/lib/cli.js:141777:12)
      at Object.onceWrapper (node:events:509:28)
      at IncomingMessage.emit (node:events:402:35)
      at endReadableNT (node:internal/streams/readable:1343:12)
      at processTicksAndRejections (node:internal/process/task_queues:83:21)

npm manifest: 
  {
    "name": "hardhat-project",
    "devDependencies": {
      "@nomiclabs/hardhat-ethers": "^2.0.6",
      "@nomiclabs/hardhat-etherscan": "^3.1.0",
      "@nomiclabs/hardhat-waffle": "^2.0.3",
      "@typechain/ethers-v5": "^7.2.0",
      "@typechain/hardhat": "^2.3.1",
      "@types/chai": "^4.3.1",
      "@types/mocha": "^9.1.1",
      "@types/node": "^12.20.55",
      "@typescript-eslint/eslint-plugin": "^4.33.0",
      "@typescript-eslint/parser": "^4.33.0",
      "chai": "^4.3.6",
      "dotenv": "^16.0.1",
      "eslint": "^7.32.0",
      "eslint-config-prettier": "^8.5.0",
      "eslint-config-standard": "^16.0.3",
      "eslint-plugin-import": "^2.26.0",
      "eslint-plugin-node": "^11.1.0",
      "eslint-plugin-prettier": "^3.4.1",
      "eslint-plugin-promise": "^5.2.0",
      "ethereum-waffle": "^3.4.4",
      "ethers": "^5.6.9",
      "hardhat": "^2.9.9",
      "hardhat-gas-reporter": "^1.0.8",
      "prettier": "^2.7.1",
      "prettier-plugin-solidity": "^1.0.0-beta.13",
      "solhint": "^3.3.7",
      "solidity-coverage": "^0.7.21",
      "ts-node": "^10.8.2",
      "typechain": "^5.2.0",
      "typescript": "^4.7.4"
    }
  }

yarn manifest: 
  No manifest

Lockfile: 
  No lockfile
